{"uid":"19d1d94ae216901b","name":"test_valid_login","fullName":"test_logreport_login#test_valid_login","historyId":"58264ccdfc9fee9dd6ec5767df5497a4","time":{"start":1727671726332,"stop":1727671756399,"duration":30067},"status":"broken","statusMessage":"selenium.common.exceptions.TimeoutException: Message: \nStacktrace:\nRemoteError@chrome://remote/content/shared/RemoteError.sys.mjs:8:8\nWebDriverError@chrome://remote/content/shared/webdriver/Errors.sys.mjs:193:5\nNoSuchElementError@chrome://remote/content/shared/webdriver/Errors.sys.mjs:511:5\ndom.find/</<@chrome://remote/content/shared/DOM.sys.mjs:136:16","statusTrace":"driver = <selenium.webdriver.firefox.webdriver.WebDriver (session=\"edca6781-600f-48a6-97a0-ecabbdf5f990\")>\n\n    def test_valid_login(driver):\n        logging.info(\"Starting test_valid_login\")\n        try:\n            login_page(driver)\n            logging.info(\"Opened login page\")\n            driver.find_element(By.XPATH, User_Input_Xpath).send_keys(wrong_user_name)\n            driver.find_element(By.XPATH, Password_Input_Xpath).send_keys(user_password)\n            driver.find_element(By.XPATH, Login_Button_Xpath).click()\n    \n            WebDriverWait(driver, 10).until(\n                EC.presence_of_element_located((By.XPATH, \"//strong[normalize-space()='Success']\"))\n            )\n            alert_text = driver.find_element(By.XPATH, \"//strong[normalize-space()='Success']\").text\n            logging.info(f\"Login alert text found: {alert_text}\")\n    \n            assert alert_text == \"Success\"\n            logging.info(\"Login test passed\")\n        except Exception as e:\n            logging.error(f\"Test failed with error: {e}\")\n            take_screenshot(driver, \"test_valid_login\")\n>           raise e\n\ntest_logreport_login.py:88: \n_ _ _ _ _ _ _ _ _ _ _ _ _ _ _ _ _ _ _ _ _ _ _ _ _ _ _ _ _ _ _ _ _ _ _ _ _ _ _ _ _ _ _ _ _ _ _ _ _ _ _ _ _ _ _ _ _ _ _ _ _ _ _ _ _ _ _ _ _ _ _ _ _ _ _ _ _ _ _ _ _ _ _ _ _ _ _ _ _ _\ntest_logreport_login.py:77: in test_valid_login\n    WebDriverWait(driver, 10).until(\n_ _ _ _ _ _ _ _ _ _ _ _ _ _ _ _ _ _ _ _ _ _ _ _ _ _ _ _ _ _ _ _ _ _ _ _ _ _ _ _ _ _ _ _ _ _ _ _ _ _ _ _ _ _ _ _ _ _ _ _ _ _ _ _ _ _ _ _ _ _ _ _ _ _ _ _ _ _ _ _ _ _ _ _ _ _ _ _ _ _\n\nself = <selenium.webdriver.support.wait.WebDriverWait (session=\"edca6781-600f-48a6-97a0-ecabbdf5f990\")>\nmethod = <function presence_of_element_located.<locals>._predicate at 0x000002566E0A3BA0>, message = ''\n\n    def until(self, method: Callable[[D], Union[Literal[False], T]], message: str = \"\") -> T:\n        \"\"\"Calls the method provided with the driver as an argument until the \\\n        return value does not evaluate to ``False``.\n    \n        :param method: callable(WebDriver)\n        :param message: optional message for :exc:`TimeoutException`\n        :returns: the result of the last call to `method`\n        :raises: :exc:`selenium.common.exceptions.TimeoutException` if timeout occurs\n        \"\"\"\n        screen = None\n        stacktrace = None\n    \n        end_time = time.monotonic() + self._timeout\n        while True:\n            try:\n                value = method(self._driver)\n                if value:\n                    return value\n            except self._ignored_exceptions as exc:\n                screen = getattr(exc, \"screen\", None)\n                stacktrace = getattr(exc, \"stacktrace\", None)\n            time.sleep(self._poll)\n            if time.monotonic() > end_time:\n                break\n>       raise TimeoutException(message, screen, stacktrace)\nE       selenium.common.exceptions.TimeoutException: Message: \nE       Stacktrace:\nE       RemoteError@chrome://remote/content/shared/RemoteError.sys.mjs:8:8\nE       WebDriverError@chrome://remote/content/shared/webdriver/Errors.sys.mjs:193:5\nE       NoSuchElementError@chrome://remote/content/shared/webdriver/Errors.sys.mjs:511:5\nE       dom.find/</<@chrome://remote/content/shared/DOM.sys.mjs:136:16\n\nautomation\\Lib\\site-packages\\selenium\\webdriver\\support\\wait.py:105: TimeoutException","flaky":false,"newFailed":false,"newBroken":false,"newPassed":false,"retriesCount":1,"retriesStatusChange":true,"beforeStages":[{"name":"driver","time":{"start":1727671718287,"stop":1727671726331,"duration":8044},"status":"passed","steps":[],"attachments":[],"parameters":[],"shouldDisplayMessage":false,"attachmentsCount":0,"hasContent":false,"attachmentStep":false,"stepsCount":0}],"testStage":{"status":"broken","statusMessage":"selenium.common.exceptions.TimeoutException: Message: \nStacktrace:\nRemoteError@chrome://remote/content/shared/RemoteError.sys.mjs:8:8\nWebDriverError@chrome://remote/content/shared/webdriver/Errors.sys.mjs:193:5\nNoSuchElementError@chrome://remote/content/shared/webdriver/Errors.sys.mjs:511:5\ndom.find/</<@chrome://remote/content/shared/DOM.sys.mjs:136:16","statusTrace":"driver = <selenium.webdriver.firefox.webdriver.WebDriver (session=\"edca6781-600f-48a6-97a0-ecabbdf5f990\")>\n\n    def test_valid_login(driver):\n        logging.info(\"Starting test_valid_login\")\n        try:\n            login_page(driver)\n            logging.info(\"Opened login page\")\n            driver.find_element(By.XPATH, User_Input_Xpath).send_keys(wrong_user_name)\n            driver.find_element(By.XPATH, Password_Input_Xpath).send_keys(user_password)\n            driver.find_element(By.XPATH, Login_Button_Xpath).click()\n    \n            WebDriverWait(driver, 10).until(\n                EC.presence_of_element_located((By.XPATH, \"//strong[normalize-space()='Success']\"))\n            )\n            alert_text = driver.find_element(By.XPATH, \"//strong[normalize-space()='Success']\").text\n            logging.info(f\"Login alert text found: {alert_text}\")\n    \n            assert alert_text == \"Success\"\n            logging.info(\"Login test passed\")\n        except Exception as e:\n            logging.error(f\"Test failed with error: {e}\")\n            take_screenshot(driver, \"test_valid_login\")\n>           raise e\n\ntest_logreport_login.py:88: \n_ _ _ _ _ _ _ _ _ _ _ _ _ _ _ _ _ _ _ _ _ _ _ _ _ _ _ _ _ _ _ _ _ _ _ _ _ _ _ _ _ _ _ _ _ _ _ _ _ _ _ _ _ _ _ _ _ _ _ _ _ _ _ _ _ _ _ _ _ _ _ _ _ _ _ _ _ _ _ _ _ _ _ _ _ _ _ _ _ _\ntest_logreport_login.py:77: in test_valid_login\n    WebDriverWait(driver, 10).until(\n_ _ _ _ _ _ _ _ _ _ _ _ _ _ _ _ _ _ _ _ _ _ _ _ _ _ _ _ _ _ _ _ _ _ _ _ _ _ _ _ _ _ _ _ _ _ _ _ _ _ _ _ _ _ _ _ _ _ _ _ _ _ _ _ _ _ _ _ _ _ _ _ _ _ _ _ _ _ _ _ _ _ _ _ _ _ _ _ _ _\n\nself = <selenium.webdriver.support.wait.WebDriverWait (session=\"edca6781-600f-48a6-97a0-ecabbdf5f990\")>\nmethod = <function presence_of_element_located.<locals>._predicate at 0x000002566E0A3BA0>, message = ''\n\n    def until(self, method: Callable[[D], Union[Literal[False], T]], message: str = \"\") -> T:\n        \"\"\"Calls the method provided with the driver as an argument until the \\\n        return value does not evaluate to ``False``.\n    \n        :param method: callable(WebDriver)\n        :param message: optional message for :exc:`TimeoutException`\n        :returns: the result of the last call to `method`\n        :raises: :exc:`selenium.common.exceptions.TimeoutException` if timeout occurs\n        \"\"\"\n        screen = None\n        stacktrace = None\n    \n        end_time = time.monotonic() + self._timeout\n        while True:\n            try:\n                value = method(self._driver)\n                if value:\n                    return value\n            except self._ignored_exceptions as exc:\n                screen = getattr(exc, \"screen\", None)\n                stacktrace = getattr(exc, \"stacktrace\", None)\n            time.sleep(self._poll)\n            if time.monotonic() > end_time:\n                break\n>       raise TimeoutException(message, screen, stacktrace)\nE       selenium.common.exceptions.TimeoutException: Message: \nE       Stacktrace:\nE       RemoteError@chrome://remote/content/shared/RemoteError.sys.mjs:8:8\nE       WebDriverError@chrome://remote/content/shared/webdriver/Errors.sys.mjs:193:5\nE       NoSuchElementError@chrome://remote/content/shared/webdriver/Errors.sys.mjs:511:5\nE       dom.find/</<@chrome://remote/content/shared/DOM.sys.mjs:136:16\n\nautomation\\Lib\\site-packages\\selenium\\webdriver\\support\\wait.py:105: TimeoutException","steps":[],"attachments":[{"uid":"2ddf766884df8c3a","name":"test_valid_login","source":"2ddf766884df8c3a.png","type":"image/png","size":259106},{"uid":"3f82f034a577c7ca","name":"Test Log","source":"3f82f034a577c7ca.txt","type":"text/plain","size":0},{"uid":"30dbca6806907470","name":"log","source":"30dbca6806907470.txt","type":"text/plain","size":387}],"parameters":[],"shouldDisplayMessage":true,"attachmentsCount":3,"hasContent":true,"attachmentStep":false,"stepsCount":0},"afterStages":[{"name":"driver::0","time":{"start":1727671756524,"stop":1727671759789,"duration":3265},"status":"passed","steps":[],"attachments":[],"parameters":[],"shouldDisplayMessage":false,"attachmentsCount":0,"hasContent":false,"attachmentStep":false,"stepsCount":0}],"labels":[{"name":"suite","value":"test_logreport_login"},{"name":"host","value":"DESKTOP-G36OV76"},{"name":"thread","value":"13352-MainThread"},{"name":"framework","value":"pytest"},{"name":"language","value":"cpython3"},{"name":"package","value":"test_logreport_login"},{"name":"resultFormat","value":"allure2"}],"parameters":[],"links":[],"hidden":false,"retry":false,"extra":{"severity":"normal","retries":[{"uid":"1b93af79a92327af","status":"passed","time":{"start":1727671485918,"stop":1727671506894,"duration":20976}}],"categories":[{"name":"Test defects","matchedStatuses":[],"flaky":false}],"tags":[]},"source":"19d1d94ae216901b.json","parameterValues":[]}