{"uid":"c70b0b5ba3d537ee","name":"test_login_with_wrong_password","fullName":"test_logreport_login#test_login_with_wrong_password","historyId":"2884bfe1a48db0a81bffffc7f88865c8","time":{"start":1727671768074,"stop":1727671797386,"duration":29312},"status":"broken","statusMessage":"selenium.common.exceptions.TimeoutException: Message: \nStacktrace:\nRemoteError@chrome://remote/content/shared/RemoteError.sys.mjs:8:8\nWebDriverError@chrome://remote/content/shared/webdriver/Errors.sys.mjs:193:5\nNoSuchElementError@chrome://remote/content/shared/webdriver/Errors.sys.mjs:511:5\ndom.find/</<@chrome://remote/content/shared/DOM.sys.mjs:136:16","statusTrace":"driver = <selenium.webdriver.firefox.webdriver.WebDriver (session=\"46069fc4-6338-4547-9204-c1e30923d013\")>\n\n    def test_login_with_wrong_password(driver):\n        logging.info(\"Starting test_login_with_wrong_password\")\n        try:\n            login_page(driver)\n            logging.info(\"Opened login page\")\n            driver.find_element(By.XPATH, User_Input_Xpath).send_keys(user_name)\n            driver.find_element(By.XPATH, Password_Input_Xpath).send_keys(user_password)\n            driver.find_element(By.XPATH, Login_Button_Xpath).click()\n    \n            WebDriverWait(driver, 10).until(\n                EC.presence_of_element_located((By.XPATH, \"//strong[normalize-space()='Error']\"))\n            )\n            alert_text = driver.find_element(By.XPATH, \"//strong[normalize-space()='Error']\").text\n            logging.info(f\"Login alert text found: {alert_text}\")\n    \n            assert alert_text == \"Error\"\n            logging.info(\"Invalid login test passed\")\n        except Exception as e:\n            logging.error(f\"Test failed with error: {e}\")\n            take_screenshot(driver, \"test_login_with_wrong_password\")\n>           raise e\n\ntest_logreport_login.py:113: \n_ _ _ _ _ _ _ _ _ _ _ _ _ _ _ _ _ _ _ _ _ _ _ _ _ _ _ _ _ _ _ _ _ _ _ _ _ _ _ _ _ _ _ _ _ _ _ _ _ _ _ _ _ _ _ _ _ _ _ _ _ _ _ _ _ _ _ _ _ _ _ _ _ _ _ _ _ _ _ _ _ _ _ _ _ _ _ _ _ _\ntest_logreport_login.py:102: in test_login_with_wrong_password\n    WebDriverWait(driver, 10).until(\n_ _ _ _ _ _ _ _ _ _ _ _ _ _ _ _ _ _ _ _ _ _ _ _ _ _ _ _ _ _ _ _ _ _ _ _ _ _ _ _ _ _ _ _ _ _ _ _ _ _ _ _ _ _ _ _ _ _ _ _ _ _ _ _ _ _ _ _ _ _ _ _ _ _ _ _ _ _ _ _ _ _ _ _ _ _ _ _ _ _\n\nself = <selenium.webdriver.support.wait.WebDriverWait (session=\"46069fc4-6338-4547-9204-c1e30923d013\")>\nmethod = <function presence_of_element_located.<locals>._predicate at 0x000002566E0EC9A0>, message = ''\n\n    def until(self, method: Callable[[D], Union[Literal[False], T]], message: str = \"\") -> T:\n        \"\"\"Calls the method provided with the driver as an argument until the \\\n        return value does not evaluate to ``False``.\n    \n        :param method: callable(WebDriver)\n        :param message: optional message for :exc:`TimeoutException`\n        :returns: the result of the last call to `method`\n        :raises: :exc:`selenium.common.exceptions.TimeoutException` if timeout occurs\n        \"\"\"\n        screen = None\n        stacktrace = None\n    \n        end_time = time.monotonic() + self._timeout\n        while True:\n            try:\n                value = method(self._driver)\n                if value:\n                    return value\n            except self._ignored_exceptions as exc:\n                screen = getattr(exc, \"screen\", None)\n                stacktrace = getattr(exc, \"stacktrace\", None)\n            time.sleep(self._poll)\n            if time.monotonic() > end_time:\n                break\n>       raise TimeoutException(message, screen, stacktrace)\nE       selenium.common.exceptions.TimeoutException: Message: \nE       Stacktrace:\nE       RemoteError@chrome://remote/content/shared/RemoteError.sys.mjs:8:8\nE       WebDriverError@chrome://remote/content/shared/webdriver/Errors.sys.mjs:193:5\nE       NoSuchElementError@chrome://remote/content/shared/webdriver/Errors.sys.mjs:511:5\nE       dom.find/</<@chrome://remote/content/shared/DOM.sys.mjs:136:16\n\nautomation\\Lib\\site-packages\\selenium\\webdriver\\support\\wait.py:105: TimeoutException","flaky":false,"newFailed":false,"newBroken":false,"newPassed":false,"retriesCount":1,"retriesStatusChange":true,"beforeStages":[{"name":"driver","time":{"start":1727671759792,"stop":1727671768073,"duration":8281},"status":"passed","steps":[],"attachments":[],"parameters":[],"shouldDisplayMessage":false,"attachmentsCount":0,"hasContent":false,"attachmentStep":false,"stepsCount":0}],"testStage":{"status":"broken","statusMessage":"selenium.common.exceptions.TimeoutException: Message: \nStacktrace:\nRemoteError@chrome://remote/content/shared/RemoteError.sys.mjs:8:8\nWebDriverError@chrome://remote/content/shared/webdriver/Errors.sys.mjs:193:5\nNoSuchElementError@chrome://remote/content/shared/webdriver/Errors.sys.mjs:511:5\ndom.find/</<@chrome://remote/content/shared/DOM.sys.mjs:136:16","statusTrace":"driver = <selenium.webdriver.firefox.webdriver.WebDriver (session=\"46069fc4-6338-4547-9204-c1e30923d013\")>\n\n    def test_login_with_wrong_password(driver):\n        logging.info(\"Starting test_login_with_wrong_password\")\n        try:\n            login_page(driver)\n            logging.info(\"Opened login page\")\n            driver.find_element(By.XPATH, User_Input_Xpath).send_keys(user_name)\n            driver.find_element(By.XPATH, Password_Input_Xpath).send_keys(user_password)\n            driver.find_element(By.XPATH, Login_Button_Xpath).click()\n    \n            WebDriverWait(driver, 10).until(\n                EC.presence_of_element_located((By.XPATH, \"//strong[normalize-space()='Error']\"))\n            )\n            alert_text = driver.find_element(By.XPATH, \"//strong[normalize-space()='Error']\").text\n            logging.info(f\"Login alert text found: {alert_text}\")\n    \n            assert alert_text == \"Error\"\n            logging.info(\"Invalid login test passed\")\n        except Exception as e:\n            logging.error(f\"Test failed with error: {e}\")\n            take_screenshot(driver, \"test_login_with_wrong_password\")\n>           raise e\n\ntest_logreport_login.py:113: \n_ _ _ _ _ _ _ _ _ _ _ _ _ _ _ _ _ _ _ _ _ _ _ _ _ _ _ _ _ _ _ _ _ _ _ _ _ _ _ _ _ _ _ _ _ _ _ _ _ _ _ _ _ _ _ _ _ _ _ _ _ _ _ _ _ _ _ _ _ _ _ _ _ _ _ _ _ _ _ _ _ _ _ _ _ _ _ _ _ _\ntest_logreport_login.py:102: in test_login_with_wrong_password\n    WebDriverWait(driver, 10).until(\n_ _ _ _ _ _ _ _ _ _ _ _ _ _ _ _ _ _ _ _ _ _ _ _ _ _ _ _ _ _ _ _ _ _ _ _ _ _ _ _ _ _ _ _ _ _ _ _ _ _ _ _ _ _ _ _ _ _ _ _ _ _ _ _ _ _ _ _ _ _ _ _ _ _ _ _ _ _ _ _ _ _ _ _ _ _ _ _ _ _\n\nself = <selenium.webdriver.support.wait.WebDriverWait (session=\"46069fc4-6338-4547-9204-c1e30923d013\")>\nmethod = <function presence_of_element_located.<locals>._predicate at 0x000002566E0EC9A0>, message = ''\n\n    def until(self, method: Callable[[D], Union[Literal[False], T]], message: str = \"\") -> T:\n        \"\"\"Calls the method provided with the driver as an argument until the \\\n        return value does not evaluate to ``False``.\n    \n        :param method: callable(WebDriver)\n        :param message: optional message for :exc:`TimeoutException`\n        :returns: the result of the last call to `method`\n        :raises: :exc:`selenium.common.exceptions.TimeoutException` if timeout occurs\n        \"\"\"\n        screen = None\n        stacktrace = None\n    \n        end_time = time.monotonic() + self._timeout\n        while True:\n            try:\n                value = method(self._driver)\n                if value:\n                    return value\n            except self._ignored_exceptions as exc:\n                screen = getattr(exc, \"screen\", None)\n                stacktrace = getattr(exc, \"stacktrace\", None)\n            time.sleep(self._poll)\n            if time.monotonic() > end_time:\n                break\n>       raise TimeoutException(message, screen, stacktrace)\nE       selenium.common.exceptions.TimeoutException: Message: \nE       Stacktrace:\nE       RemoteError@chrome://remote/content/shared/RemoteError.sys.mjs:8:8\nE       WebDriverError@chrome://remote/content/shared/webdriver/Errors.sys.mjs:193:5\nE       NoSuchElementError@chrome://remote/content/shared/webdriver/Errors.sys.mjs:511:5\nE       dom.find/</<@chrome://remote/content/shared/DOM.sys.mjs:136:16\n\nautomation\\Lib\\site-packages\\selenium\\webdriver\\support\\wait.py:105: TimeoutException","steps":[],"attachments":[{"uid":"fa30a57f5be63f9f","name":"test_login_with_wrong_password","source":"fa30a57f5be63f9f.png","type":"image/png","size":481130},{"uid":"70dfeed08eeba403","name":"Test Log","source":"70dfeed08eeba403.txt","type":"text/plain","size":0},{"uid":"b7db81a300845dab","name":"log","source":"b7db81a300845dab.txt","type":"text/plain","size":388}],"parameters":[],"shouldDisplayMessage":true,"attachmentsCount":3,"hasContent":true,"attachmentStep":false,"stepsCount":0},"afterStages":[{"name":"driver::0","time":{"start":1727671797399,"stop":1727671800629,"duration":3230},"status":"passed","steps":[],"attachments":[],"parameters":[],"shouldDisplayMessage":false,"attachmentsCount":0,"hasContent":false,"attachmentStep":false,"stepsCount":0}],"labels":[{"name":"suite","value":"test_logreport_login"},{"name":"host","value":"DESKTOP-G36OV76"},{"name":"thread","value":"13352-MainThread"},{"name":"framework","value":"pytest"},{"name":"language","value":"cpython3"},{"name":"package","value":"test_logreport_login"},{"name":"resultFormat","value":"allure2"}],"parameters":[],"links":[],"hidden":false,"retry":false,"extra":{"severity":"normal","retries":[{"uid":"609709411fd7636f","status":"passed","time":{"start":1727671522647,"stop":1727671540960,"duration":18313}}],"categories":[{"name":"Test defects","matchedStatuses":[],"flaky":false}],"tags":[]},"source":"c70b0b5ba3d537ee.json","parameterValues":[]}